<joblist>
  <job>
    <defaultTab>summary</defaultTab>
    <description></description>
    <executionEnabled>true</executionEnabled>
    <id>921431b5-e205-4159-a9cd-f4ecf6efedc1</id>
    <loglevel>INFO</loglevel>
    <name>test-job-a</name>
    <nodeFilterEditable>false</nodeFilterEditable>
    <scheduleEnabled>true</scheduleEnabled>
    <sequence keepgoing='false' strategy='node-first'>
      <command>
        <exec>echo hi</exec>
      </command>
    </sequence>
    <uuid>921431b5-e205-4159-a9cd-f4ecf6efedc1</uuid>
  </job>
</joblist>
