<joblist>
  <job>
    <context>
      <options preserveOrder='true'>
        <option name='opt' values='a,b,c' />
      </options>
    </context>
    <description></description>
    <executionEnabled>true</executionEnabled>
    <id>a0b69918-10e1-4858-98e7-50febe7314cb</id>
    <loglevel>INFO</loglevel>
    <name>test</name>
    <nodeFilterEditable>false</nodeFilterEditable>
    <scheduleEnabled>true</scheduleEnabled>
    <sequence keepgoing='false' strategy='node-first'>
      <command>
        <exec>echo "test"</exec>
      </command>
    </sequence>
    <uuid>a0b69918-10e1-4858-98e7-50febe7314cb</uuid>
  </job>
</joblist>
