<joblist>
  <job>
    <defaultTab>output</defaultTab>
    <description></description>
    <executionEnabled>true</executionEnabled>
    <group>grp</group>
    <id>6047dee7-17dc-4caf-9ea5-34e1561f9abd</id>
    <loglevel>INFO</loglevel>
    <name>test-job00</name>
    <nodeFilterEditable>false</nodeFilterEditable>
    <scheduleEnabled>true</scheduleEnabled>
    <sequence keepgoing='false' strategy='node-first'>
      <command>
        <exec>echo ${node.hostname}</exec>
      </command>
    </sequence>
    <uuid>6047dee7-17dc-4caf-9ea5-34e1561f9abd</uuid>
  </job>
</joblist>
